<?xml version="1.0" encoding="UTF-8"?>
<!-- Generated by org.testng.reporters.JUnitReportReporter -->
<testsuite hostname="Dev-Professinal" failures="0" tests="2" name="automation.testsuite.Day14_Test" time="20.948" errors="0" timestamp="2025-11-24T21:37:06 ICT" skipped="0">
  <testcase classname="automation.testsuite.Day14_Test" name="loginSucessfully" time="10.442"/>
  <testcase classname="automation.testsuite.Day14_Test" name="logoutSuccessfully" time="10.506"/>
</testsuite> <!-- automation.testsuite.Day14_Test -->
