<?xml version="1.0" encoding="UTF-8"?>
<!-- Generated by org.testng.reporters.JUnitReportReporter -->
<testsuite hostname="Dev-Professinal" failures="0" tests="4" name="automation.testsuite.LoginTest" time="40.405" errors="0" timestamp="2025-11-23T10:01:53 ICT" skipped="0">
  <testcase classname="automation.testsuite.LoginTest" name="loginFail_user" time="8.341"/>
  <testcase classname="automation.testsuite.LoginTest" name="loginSuccessfully" time="14.274"/>
  <testcase classname="automation.testsuite.LoginTest" name="loginFail_pass" time="8.243"/>
  <testcase classname="automation.testsuite.LoginTest" name="loginFail_user_pass" time="9.547"/>
</testsuite> <!-- automation.testsuite.LoginTest -->
