<?xml version="1.0" encoding="UTF-8"?>
<!-- Generated by org.testng.reporters.JUnitXMLReporter -->
<testsuite ignored="0" hostname="Dev-Professinal" failures="1" tests="4" name="Test Day12 and Day17 on firefox" time="27.007" errors="0" timestamp="2025-12-09T20:08:39 ICT">
  <testcase classname="automation.testsuite.Day17_BTVN" name="@BeforeMethod openWebPage" time="7.471">
    <failure type="org.openqa.selenium.NoSuchWindowException" message="Browsing context has been discarded
Build info: version: &amp;apos;4.34.0&amp;apos;, revision: &amp;apos;707dcb4246*&amp;apos;
System info: os.name: &amp;apos;Windows 11&amp;apos;, os.arch: &amp;apos;amd64&amp;apos;, os.version: &amp;apos;10.0&amp;apos;, java.version: &amp;apos;17.0.12&amp;apos;
Driver info: org.openqa.selenium.firefox.FirefoxDriver
Command: [00b76034-a6e9-4345-88ac-2a85ec0bbaf0, maximizeCurrentWindow {}]
Capabilities {acceptInsecureCerts: true, browserName: firefox, browserVersion: 145.0.2, moz:accessibilityChecks: false, moz:buildID: 20251124145406, moz:geckodriverVersion: 0.36.0, moz:headless: false, moz:platformVersion: 10.0, moz:processID: 8680, moz:profile: C:\Users\UTIT~1\AppData\Loc..., moz:shutdownTimeout: 60000, moz:webdriverClick: true, moz:windowless: false, pageLoadStrategy: normal, platformName: windows, proxy: Proxy(), setWindowRect: true, strictFileInteractability: false, timeouts: {implicit: 0, pageLoad: 300000, script: 30000}, unhandledPromptBehavior: dismiss and notify, userAgent: Mozilla/5.0 (Windows NT 10....}
Session ID: 00b76034-a6e9-4345-88ac-2a85ec0bbaf0">
      <![CDATA[org.openqa.selenium.NoSuchWindowException: Browsing context has been discarded
Build info: version: '4.34.0', revision: '707dcb4246*'
System info: os.name: 'Windows 11', os.arch: 'amd64', os.version: '10.0', java.version: '17.0.12'
Driver info: org.openqa.selenium.firefox.FirefoxDriver
Command: [00b76034-a6e9-4345-88ac-2a85ec0bbaf0, maximizeCurrentWindow {}]
Capabilities {acceptInsecureCerts: true, browserName: firefox, browserVersion: 145.0.2, moz:accessibilityChecks: false, moz:buildID: 20251124145406, moz:geckodriverVersion: 0.36.0, moz:headless: false, moz:platformVersion: 10.0, moz:processID: 8680, moz:profile: C:\Users\UTIT~1\AppData\Loc..., moz:shutdownTimeout: 60000, moz:webdriverClick: true, moz:windowless: false, pageLoadStrategy: normal, platformName: windows, proxy: Proxy(), setWindowRect: true, strictFileInteractability: false, timeouts: {implicit: 0, pageLoad: 300000, script: 30000}, unhandledPromptBehavior: dismiss and notify, userAgent: Mozilla/5.0 (Windows NT 10....}
Session ID: 00b76034-a6e9-4345-88ac-2a85ec0bbaf0
at org.openqa.selenium.remote.ErrorCodec.decode(ErrorCodec.java:167)
at org.openqa.selenium.remote.codec.w3c.W3CHttpResponseCodec.decode(W3CHttpResponseCodec.java:138)
at org.openqa.selenium.remote.codec.w3c.W3CHttpResponseCodec.decode(W3CHttpResponseCodec.java:50)
at org.openqa.selenium.remote.HttpCommandExecutor.execute(HttpCommandExecutor.java:215)
at org.openqa.selenium.remote.service.DriverCommandExecutor.invokeExecute(DriverCommandExecutor.java:216)
at org.openqa.selenium.remote.service.DriverCommandExecutor.execute(DriverCommandExecutor.java:174)
at org.openqa.selenium.remote.RemoteWebDriver.execute(RemoteWebDriver.java:544)
at org.openqa.selenium.remote.RemoteWebDriver.execute(RemoteWebDriver.java:617)
at org.openqa.selenium.remote.RemoteWebDriver.execute(RemoteWebDriver.java:621)
at org.openqa.selenium.remote.RemoteWebDriver$RemoteWebDriverOptions$RemoteWindow.maximize(RemoteWebDriver.java:1047)
at automation.common.CommonBase.initFirefoxDriver(CommonBase.java:214)
at automation.common.CommonBase.setupDriver(CommonBase.java:256)
at automation.testsuite.Day17_BTVN.openWebPage(Day17_BTVN.java:29)
at java.base/java.util.ArrayList.forEach(ArrayList.java:1511)
... Removed 36 stack frames]]>
    </failure>
  </testcase> <!-- @BeforeMethod openWebPage -->
  <testcase classname="automation.testsuite.Day17_BTVN" name="@BeforeMethod openWebPage" time="0.0">
    <skipped/>
  </testcase> <!-- @BeforeMethod openWebPage -->
  <testcase classname="automation.testsuite.Day17_BTVN" name="@BeforeMethod openWebPage" time="0.0">
    <skipped/>
  </testcase> <!-- @BeforeMethod openWebPage -->
  <testcase classname="automation.testsuite.Day17_BTVN" name="clickZaloChrome" time="0.005">
    <skipped/>
  </testcase> <!-- clickZaloChrome -->
  <testcase classname="automation.testsuite.Day17_BTVN" name="clickZalo_RunWithChrome" time="0.0">
    <skipped/>
  </testcase> <!-- clickZalo_RunWithChrome -->
  <testcase classname="automation.testsuite.Day17_BTVN" name="clickZalo_runWithFF" time="0.001">
    <skipped/>
  </testcase> <!-- clickZalo_runWithFF -->
  <testcase classname="automation.testsuite.Day17_HandleIframe" name="dangKyTuVan_NotSuccessfully" time="0.398">
    <failure type="org.openqa.selenium.WebDriverException" message="Failed to decode response from marionette
Build info: version: &amp;apos;4.34.0&amp;apos;, revision: &amp;apos;707dcb4246*&amp;apos;
System info: os.name: &amp;apos;Windows 11&amp;apos;, os.arch: &amp;apos;amd64&amp;apos;, os.version: &amp;apos;10.0&amp;apos;, java.version: &amp;apos;17.0.12&amp;apos;
Driver info: org.openqa.selenium.firefox.FirefoxDriver
Command: [28146171-8d38-4d82-97b5-9e1630468c5a, findElements {using=tag name, value=iframe}]
Capabilities {acceptInsecureCerts: true, browserName: firefox, browserVersion: 145.0.2, moz:accessibilityChecks: false, moz:buildID: 20251124145406, moz:geckodriverVersion: 0.36.0, moz:headless: false, moz:platformVersion: 10.0, moz:processID: 20904, moz:profile: C:\Users\UTIT~1\AppData\Loc..., moz:shutdownTimeout: 60000, moz:webdriverClick: true, moz:windowless: false, pageLoadStrategy: normal, platformName: windows, proxy: Proxy(), setWindowRect: true, strictFileInteractability: false, timeouts: {implicit: 0, pageLoad: 300000, script: 30000}, unhandledPromptBehavior: dismiss and notify, userAgent: Mozilla/5.0 (Windows NT 10....}
Session ID: 28146171-8d38-4d82-97b5-9e1630468c5a">
      <![CDATA[org.openqa.selenium.WebDriverException: Failed to decode response from marionette
Build info: version: '4.34.0', revision: '707dcb4246*'
System info: os.name: 'Windows 11', os.arch: 'amd64', os.version: '10.0', java.version: '17.0.12'
Driver info: org.openqa.selenium.firefox.FirefoxDriver
Command: [28146171-8d38-4d82-97b5-9e1630468c5a, findElements {using=tag name, value=iframe}]
Capabilities {acceptInsecureCerts: true, browserName: firefox, browserVersion: 145.0.2, moz:accessibilityChecks: false, moz:buildID: 20251124145406, moz:geckodriverVersion: 0.36.0, moz:headless: false, moz:platformVersion: 10.0, moz:processID: 20904, moz:profile: C:\Users\UTIT~1\AppData\Loc..., moz:shutdownTimeout: 60000, moz:webdriverClick: true, moz:windowless: false, pageLoadStrategy: normal, platformName: windows, proxy: Proxy(), setWindowRect: true, strictFileInteractability: false, timeouts: {implicit: 0, pageLoad: 300000, script: 30000}, unhandledPromptBehavior: dismiss and notify, userAgent: Mozilla/5.0 (Windows NT 10....}
Session ID: 28146171-8d38-4d82-97b5-9e1630468c5a
at org.openqa.selenium.remote.ErrorCodec.decode(ErrorCodec.java:167)
at org.openqa.selenium.remote.codec.w3c.W3CHttpResponseCodec.decode(W3CHttpResponseCodec.java:138)
at org.openqa.selenium.remote.codec.w3c.W3CHttpResponseCodec.decode(W3CHttpResponseCodec.java:50)
at org.openqa.selenium.remote.HttpCommandExecutor.execute(HttpCommandExecutor.java:215)
at org.openqa.selenium.remote.service.DriverCommandExecutor.invokeExecute(DriverCommandExecutor.java:216)
at org.openqa.selenium.remote.service.DriverCommandExecutor.execute(DriverCommandExecutor.java:174)
at org.openqa.selenium.remote.RemoteWebDriver.execute(RemoteWebDriver.java:544)
at org.openqa.selenium.remote.ElementLocation$ElementFinder$2.findElements(ElementLocation.java:182)
at org.openqa.selenium.remote.ElementLocation.findElements(ElementLocation.java:103)
at org.openqa.selenium.remote.RemoteWebDriver.findElements(RemoteWebDriver.java:380)
at org.openqa.selenium.remote.RemoteWebDriver.findElements(RemoteWebDriver.java:374)
at automation.testsuite.Day17_HandleIframe.dangKyTuVan_NotSuccessfully(Day17_HandleIframe.java:37)
at java.base/java.util.ArrayList.forEach(ArrayList.java:1511)
... Removed 32 stack frames]]>
    </failure>
  </testcase> <!-- dangKyTuVan_NotSuccessfully -->
</testsuite> <!-- Test Day12 and Day17 on firefox -->
