<?xml version="1.0" encoding="UTF-8"?>
<!-- Generated by org.testng.reporters.JUnitXMLReporter -->
<testsuite ignored="0" hostname="Dev-Professinal" failures="0" tests="2" name="Test Day12 and Day17 on chorme" time="13.288" errors="0" timestamp="2025-12-09T20:08:53 ICT">
  <testcase classname="automation.testsuite.Day18_BTVN01" name="clickZalo" time="0.0">
    <skipped/>
  </testcase> <!-- clickZalo -->
  <testcase classname="automation.testsuite.Day18_BTVN02" name="clickChat" time="0.0">
    <skipped/>
  </testcase> <!-- clickChat -->
</testsuite> <!-- Test Day12 and Day17 on chorme -->
