<?xml version="1.0" encoding="UTF-8"?>
<!-- Generated by org.testng.reporters.JUnitXMLReporter -->
<testsuite ignored="0" hostname="Dev-Professinal" failures="0" tests="2" name="Test Day18_BTVN01 and Day18_BTVN02 on chrome" time="4.567" errors="0" timestamp="2025-12-09T20:17:09 ICT">
  <testcase classname="automation.testsuite.Day18_BTVN01" name="clickZalo" time="0.0">
    <skipped/>
  </testcase> <!-- clickZalo -->
  <testcase classname="automation.testsuite.Day18_BTVN02" name="clickChat" time="0.0">
    <skipped/>
  </testcase> <!-- clickChat -->
</testsuite> <!-- Test Day18_BTVN01 and Day18_BTVN02 on chrome -->
