<?xml version="1.0" encoding="UTF-8"?>
<!-- Generated by org.testng.reporters.JUnitXMLReporter -->
<testsuite ignored="0" hostname="Dev-Professinal" failures="0" tests="4" name="Default test" time="40.5" errors="0" timestamp="2025-11-23T10:01:52 ICT">
  <testcase classname="automation.testsuite.LoginTest" name="loginFail_user" time="0.698"/>
  <testcase classname="automation.testsuite.LoginTest" name="loginSuccessfully" time="3.225"/>
  <testcase classname="automation.testsuite.LoginTest" name="loginFail_pass" time="0.94"/>
  <testcase classname="automation.testsuite.LoginTest" name="loginFail_user_pass" time="0.905"/>
</testsuite> <!-- Default test -->
