<?xml version="1.0" encoding="UTF-8"?>
<!-- Generated by org.testng.reporters.JUnitXMLReporter -->
<testsuite ignored="1" hostname="Dev-Professinal" failures="0" tests="1" name="Default test" time="9.015" errors="0" timestamp="2025-10-19T21:26:16 ICT">
  <testcase classname="automation.testsuite.Practice" name="tinhMaxMang" time="8.911"/>
  <testcase classname="automation.testsuite.Practice" name="tinhTongMang" time="0.0">
    <ignored/>
  </testcase> <!-- tinhTongMang -->
</testsuite> <!-- Default test -->
